This file contains any messages produced by compilers while
running configure, to aid debugging if configure makes a mistake.

It was created by configure, which was
generated by GNU Autoconf 2.69.  Invocation command line was

  $ ./configure 

## --------- ##
## Platform. ##
## --------- ##

hostname = ubuntu
uname -m = i686
uname -r = 3.5.0-17-generic
uname -s = Linux
uname -v = #28-Ubuntu SMP Tue Oct 9 19:32:08 UTC 2012

/usr/bin/uname -p = unknown
/bin/uname -X     = unknown

/bin/arch              = unknown
/usr/bin/arch -k       = unknown
/usr/convex/getsysinfo = unknown
/usr/bin/hostinfo      = unknown
/bin/machine           = unknown
/usr/bin/oslevel       = unknown
/bin/universe          = unknown

PATH: /usr/local/sbin
PATH: /usr/local/bin
PATH: /usr/sbin
PATH: /usr/bin
PATH: /sbin
PATH: /bin


## ----------- ##
## Core tests. ##
## ----------- ##

configure:2109: checking for grep that handles long lines and -e
configure:2167: result: /bin/grep
configure:2172: checking for egrep
configure:2234: result: /bin/grep -E
configure:2239: checking for a sed that does not truncate output
configure:2303: result: /bin/sed
configure:2437: checking for cc
configure:2453: found /usr/bin/cc
configure:2464: result: cc
configure:2495: checking for C compiler version
configure:2504: cc --version >&5
cc (Ubuntu/Linaro 4.7.2-2ubuntu1) 4.7.2
Copyright (C) 2012 Free Software Foundation, Inc.
This is free software; see the source for copying conditions.  There is NO
warranty; not even for MERCHANTABILITY or FITNESS FOR A PARTICULAR PURPOSE.

configure:2515: $? = 0
configure:2504: cc -v >&5
Using built-in specs.
COLLECT_GCC=cc
COLLECT_LTO_WRAPPER=/usr/lib/gcc/i686-linux-gnu/4.7/lto-wrapper
Target: i686-linux-gnu
Configured with: ../src/configure -v --with-pkgversion='Ubuntu/Linaro 4.7.2-2ubuntu1' --with-bugurl=file:///usr/share/doc/gcc-4.7/README.Bugs --enable-languages=c,c++,go,fortran,objc,obj-c++ --prefix=/usr --program-suffix=-4.7 --enable-shared --enable-linker-build-id --with-system-zlib --libexecdir=/usr/lib --without-included-gettext --enable-threads=posix --with-gxx-include-dir=/usr/include/c++/4.7 --libdir=/usr/lib --enable-nls --with-sysroot=/ --enable-clocale=gnu --enable-libstdcxx-debug --enable-libstdcxx-time=yes --enable-gnu-unique-object --enable-plugin --enable-objc-gc --enable-targets=all --disable-werror --with-arch-32=i686 --with-tune=generic --enable-checking=release --build=i686-linux-gnu --host=i686-linux-gnu --target=i686-linux-gnu
Thread model: posix
gcc version 4.7.2 (Ubuntu/Linaro 4.7.2-2ubuntu1) 
configure:2515: $? = 0
configure:2504: cc -V >&5
cc: error: unrecognized command line option '-V'
cc: fatal error: no input files
compilation terminated.
configure:2515: $? = 4
configure:2504: cc -qversion >&5
cc: error: unrecognized command line option '-qversion'
cc: fatal error: no input files
compilation terminated.
configure:2515: $? = 4
configure:2535: checking whether the C compiler works
configure:2557: cc    conftest.c  >&5
configure:2561: $? = 0
configure:2609: result: yes
configure:2612: checking for C compiler default output file name
configure:2614: result: a.out
configure:2620: checking for suffix of executables
configure:2627: cc -o conftest    conftest.c  >&5
configure:2631: $? = 0
configure:2653: result: 
configure:2675: checking whether we are cross compiling
configure:2683: cc -o conftest    conftest.c  >&5
configure:2687: $? = 0
configure:2694: ./conftest
configure:2698: $? = 0
configure:2713: result: no
configure:2718: checking for suffix of object files
configure:2740: cc -c   conftest.c >&5
configure:2744: $? = 0
configure:2765: result: o
configure:2769: checking whether we are using the GNU C compiler
configure:2788: cc -c   conftest.c >&5
configure:2788: $? = 0
configure:2797: result: yes
configure:2806: checking whether cc accepts -g
configure:2826: cc -c -g  conftest.c >&5
configure:2826: $? = 0
configure:2867: result: yes
configure:2884: checking for cc option to accept ISO C89
configure:2947: cc  -c -g -O2  conftest.c >&5
configure:2947: $? = 0
configure:2960: result: none needed
configure:2986: checking how to run the C preprocessor
configure:3017: cc -E  conftest.c
configure:3017: $? = 0
configure:3031: cc -E  conftest.c
conftest.c:9:28: fatal error: ac_nonexistent.h: No such file or directory
compilation terminated.
configure:3031: $? = 1
configure: failed program was:
| /* confdefs.h */
| #define PACKAGE_NAME ""
| #define PACKAGE_TARNAME ""
| #define PACKAGE_VERSION ""
| #define PACKAGE_STRING ""
| #define PACKAGE_BUGREPORT ""
| #define PACKAGE_URL ""
| /* end confdefs.h.  */
| #include <ac_nonexistent.h>
configure:3056: result: cc -E
configure:3076: cc -E  conftest.c
configure:3076: $? = 0
configure:3090: cc -E  conftest.c
conftest.c:9:28: fatal error: ac_nonexistent.h: No such file or directory
compilation terminated.
configure:3090: $? = 1
configure: failed program was:
| /* confdefs.h */
| #define PACKAGE_NAME ""
| #define PACKAGE_TARNAME ""
| #define PACKAGE_VERSION ""
| #define PACKAGE_STRING ""
| #define PACKAGE_BUGREPORT ""
| #define PACKAGE_URL ""
| /* end confdefs.h.  */
| #include <ac_nonexistent.h>
configure:3121: checking for icc
configure:3130: result: no
configure:3144: checking for suncc
configure:3153: result: no
configure:3171: checking whether cc understands -c and -o together
configure:3199: cc -c conftest.c -o conftest2.o >&5
configure:3203: $? = 0
configure:3209: cc -c conftest.c -o conftest2.o >&5
configure:3213: $? = 0
configure:3268: result: yes
configure:3282: checking for system library directory
configure:3297: result: lib
configure:3304: checking if compiler supports -R
configure:3323: cc -o conftest -g -O2   conftest.c -R /usr/lib  >&5
cc: error: unrecognized option '-R'
configure:3323: $? = 1
configure: failed program was:
| /* confdefs.h */
| #define PACKAGE_NAME ""
| #define PACKAGE_TARNAME ""
| #define PACKAGE_VERSION ""
| #define PACKAGE_STRING ""
| #define PACKAGE_BUGREPORT ""
| #define PACKAGE_URL ""
| /* end confdefs.h.  */
| 
| int
| main ()
| {
| 
|   ;
|   return 0;
| }
configure:3333: result: no
configure:3338: checking if compiler supports -Wl,-rpath,
configure:3357: cc -o conftest -g -O2   conftest.c -Wl,-rpath,/usr/lib  >&5
configure:3357: $? = 0
configure:3367: result: yes
configure:3412: checking build system type
configure:3426: result: i686-pc-linux-gnu
configure:3446: checking host system type
configure:3459: result: i686-pc-linux-gnu
configure:3479: checking target system type
configure:3492: result: i686-pc-linux-gnu
configure:3595: checking for PHP prefix
configure:3597: result: /usr
configure:3599: checking for PHP includes
configure:3601: result: -I/usr/include/php5 -I/usr/include/php5/main -I/usr/include/php5/TSRM -I/usr/include/php5/Zend -I/usr/include/php5/ext -I/usr/include/php5/ext/date/lib -D_LARGEFILE_SOURCE -D_FILE_OFFSET_BITS=64
configure:3603: checking for PHP extension directory
configure:3605: result: /usr/lib/php5/20100525+lfs
configure:3607: checking for PHP installed headers prefix
configure:3609: result: /usr/include/php5
configure:3612: checking if debug is enabled
configure:3638: result: no
configure:3641: checking if zts is enabled
configure:3667: result: no
configure:3738: checking for re2c
configure:3768: result: no
configure:3793: WARNING: You will need re2c 0.13.4 or later if you want to regenerate PHP parsers.
configure:3807: checking for gawk
configure:3838: result: no
configure:3807: checking for nawk
configure:3824: found /usr/bin/nawk
configure:3835: result: nawk
configure:3858: checking if nawk is broken
configure:3865: result: no
configure:3879: checking whether to enable stem support
configure:3918: result: yes, shared
configure:3927: checking whether to compile Danish stemmer
configure:3941: result: yes
configure:3949: checking whether to compile Dutch stemmer
configure:3963: result: yes
configure:3971: checking whether to compile English (non Porter) stemmer
configure:3985: result: yes
configure:3993: checking whether to compile French stemmer
configure:4007: result: yes
configure:4015: checking whether to compile Finnish stemmer
configure:4029: result: yes
configure:4037: checking whether to compile German stemmer
configure:4051: result: yes
configure:4059: checking whether to compile Hungarian stemmer
configure:4073: result: yes
configure:4081: checking whether to compile Italian stemmer
configure:4095: result: yes
configure:4103: checking whether to compile Norwegian stemmer
configure:4117: result: yes
configure:4125: checking whether to compile Portuguese stemmer
configure:4139: result: yes
configure:4147: checking whether to compile Romanian stemmer
configure:4161: result: yes
configure:4169: checking whether to compile Russian stemmer
configure:4183: result: yes
configure:4191: checking whether to compile Russian (UTF8) stemmer
configure:4205: result: yes
configure:4213: checking whether to compile Spanish stemmer
configure:4227: result: yes
configure:4235: checking whether to compile Swedish stemmer
configure:4249: result: yes
configure:4257: checking whether to compile Turkish (UTF8) stemmer
configure:4271: result: yes
configure:4806: checking how to print strings
configure:4833: result: printf
configure:4854: checking for a sed that does not truncate output
configure:4918: result: /bin/sed
configure:4936: checking for fgrep
configure:4998: result: /bin/grep -F
configure:5033: checking for ld used by cc
configure:5100: result: /usr/bin/ld
configure:5107: checking if the linker (/usr/bin/ld) is GNU ld
configure:5122: result: yes
configure:5134: checking for BSD- or MS-compatible name lister (nm)
configure:5183: result: /usr/bin/nm -B
configure:5313: checking the name lister (/usr/bin/nm -B) interface
configure:5320: cc -c -g -O2  conftest.c >&5
configure:5323: /usr/bin/nm -B "conftest.o"
configure:5326: output
00000000 B some_variable
configure:5333: result: BSD nm
configure:5336: checking whether ln -s works
configure:5340: result: yes
configure:5348: checking the maximum length of command line arguments
configure:5478: result: 1572864
configure:5495: checking whether the shell understands some XSI constructs
configure:5505: result: yes
configure:5509: checking whether the shell understands "+="
configure:5515: result: yes
configure:5550: checking how to convert i686-pc-linux-gnu file names to i686-pc-linux-gnu format
configure:5590: result: func_convert_file_noop
configure:5597: checking how to convert i686-pc-linux-gnu file names to toolchain format
configure:5617: result: func_convert_file_noop
configure:5624: checking for /usr/bin/ld option to reload object files
configure:5631: result: -r
configure:5705: checking for objdump
configure:5721: found /usr/bin/objdump
configure:5732: result: objdump
configure:5764: checking how to recognize dependent libraries
configure:5966: result: pass_all
configure:6051: checking for dlltool
configure:6081: result: no
configure:6111: checking how to associate runtime and link libraries
configure:6138: result: printf %s\n
configure:6198: checking for ar
configure:6214: found /usr/bin/ar
configure:6225: result: ar
configure:6262: checking for archiver @FILE support
configure:6279: cc -c -g -O2  conftest.c >&5
configure:6279: $? = 0
configure:6282: ar cru libconftest.a @conftest.lst >&5
configure:6285: $? = 0
configure:6290: ar cru libconftest.a @conftest.lst >&5
ar: conftest.o: No such file or directory
configure:6293: $? = 1
configure:6305: result: @
configure:6363: checking for strip
configure:6379: found /usr/bin/strip
configure:6390: result: strip
configure:6462: checking for ranlib
configure:6478: found /usr/bin/ranlib
configure:6489: result: ranlib
configure:6566: checking for gawk
configure:6593: result: nawk
configure:6633: checking command to parse /usr/bin/nm -B output from cc object
configure:6753: cc -c -g -O2  conftest.c >&5
configure:6756: $? = 0
configure:6760: /usr/bin/nm -B conftest.o \| sed -n -e 's/^.*[ ]\([ABCDGIRSTW][ABCDGIRSTW]*\)[ ][ ]*\([_A-Za-z][_A-Za-z0-9]*\)$/\1 \2 \2/p' | sed '/ __gnu_lto/d' \> conftest.nm
configure:6763: $? = 0
configure:6829: cc -o conftest -g -O2   conftest.c conftstm.o >&5
configure:6832: $? = 0
configure:6870: result: ok
configure:6907: checking for sysroot
configure:6937: result: no
configure:7193: checking for mt
configure:7209: found /bin/mt
configure:7220: result: mt
configure:7243: checking if mt is a manifest tool
configure:7249: mt '-?'
configure:7257: result: no
configure:7894: checking for ANSI C header files
configure:7914: cc -c -g -O2  conftest.c >&5
configure:7914: $? = 0
configure:7987: cc -o conftest -g -O2   conftest.c  >&5
configure:7987: $? = 0
configure:7987: ./conftest
configure:7987: $? = 0
configure:7998: result: yes
configure:8011: checking for sys/types.h
configure:8011: cc -c -g -O2  conftest.c >&5
configure:8011: $? = 0
configure:8011: result: yes
configure:8011: checking for sys/stat.h
configure:8011: cc -c -g -O2  conftest.c >&5
configure:8011: $? = 0
configure:8011: result: yes
configure:8011: checking for stdlib.h
configure:8011: cc -c -g -O2  conftest.c >&5
configure:8011: $? = 0
configure:8011: result: yes
configure:8011: checking for string.h
configure:8011: cc -c -g -O2  conftest.c >&5
configure:8011: $? = 0
configure:8011: result: yes
configure:8011: checking for memory.h
configure:8011: cc -c -g -O2  conftest.c >&5
configure:8011: $? = 0
configure:8011: result: yes
configure:8011: checking for strings.h
configure:8011: cc -c -g -O2  conftest.c >&5
configure:8011: $? = 0
configure:8011: result: yes
configure:8011: checking for inttypes.h
configure:8011: cc -c -g -O2  conftest.c >&5
configure:8011: $? = 0
configure:8011: result: yes
configure:8011: checking for stdint.h
configure:8011: cc -c -g -O2  conftest.c >&5
configure:8011: $? = 0
configure:8011: result: yes
configure:8011: checking for unistd.h
configure:8011: cc -c -g -O2  conftest.c >&5
configure:8011: $? = 0
configure:8011: result: yes
configure:8025: checking for dlfcn.h
configure:8025: cc -c -g -O2  conftest.c >&5
configure:8025: $? = 0
configure:8025: result: yes
configure:8231: checking for objdir
configure:8246: result: .libs
configure:8517: checking if cc supports -fno-rtti -fno-exceptions
configure:8535: cc -c -g -O2  -fno-rtti -fno-exceptions conftest.c >&5
cc1: warning: command line option '-fno-rtti' is valid for C++/ObjC++ but not for C [enabled by default]
configure:8539: $? = 0
configure:8552: result: no
configure:8879: checking for cc option to produce PIC
configure:8886: result: -fPIC -DPIC
configure:8894: checking if cc PIC flag -fPIC -DPIC works
configure:8912: cc -c -g -O2  -fPIC -DPIC -DPIC conftest.c >&5
configure:8916: $? = 0
configure:8929: result: yes
configure:8958: checking if cc static flag -static works
configure:8986: result: yes
configure:9001: checking if cc supports -c -o file.o
configure:9022: cc -c -g -O2  -o out/conftest2.o conftest.c >&5
configure:9026: $? = 0
configure:9048: result: yes
configure:9056: checking if cc supports -c -o file.o
configure:9103: result: yes
configure:9136: checking whether the cc linker (/usr/bin/ld) supports shared libraries
configure:10293: result: yes
configure:10330: checking whether -lc should be explicitly linked in
configure:10338: cc -c -g -O2  conftest.c >&5
configure:10341: $? = 0
configure:10356: cc -shared  -fPIC -DPIC conftest.o  -v -Wl,-soname -Wl,conftest -o conftest 2\>\&1 \| /bin/grep  -lc  \>/dev/null 2\>\&1
configure:10359: $? = 0
configure:10373: result: no
configure:10533: checking dynamic linker characteristics
configure:11044: cc -o conftest -g -O2   -Wl,-rpath -Wl,/foo conftest.c  >&5
configure:11044: $? = 0
configure:11278: result: GNU/Linux ld.so
configure:11385: checking how to hardcode library paths into programs
configure:11410: result: immediate
configure:11950: checking whether stripping libraries is possible
configure:11955: result: yes
configure:11990: checking if libtool supports shared libraries
configure:11992: result: yes
configure:11995: checking whether to build shared libraries
configure:12016: result: yes
configure:12019: checking whether to build static libraries
configure:12023: result: no
configure:12299: creating ./config.status

## ---------------------- ##
## Running config.status. ##
## ---------------------- ##

This file was extended by config.status, which was
generated by GNU Autoconf 2.69.  Invocation command line was

  CONFIG_FILES    = 
  CONFIG_HEADERS  = 
  CONFIG_LINKS    = 
  CONFIG_COMMANDS = 
  $ ./config.status 

on ubuntu

config.status:902: creating config.h
config.status:1006: executing libtool commands

## ---------------- ##
## Cache variables. ##
## ---------------- ##

ac_cv_build=i686-pc-linux-gnu
ac_cv_c_compiler_gnu=yes
ac_cv_env_CC_set=
ac_cv_env_CC_value=
ac_cv_env_CFLAGS_set=
ac_cv_env_CFLAGS_value=
ac_cv_env_CPPFLAGS_set=
ac_cv_env_CPPFLAGS_value=
ac_cv_env_CPP_set=
ac_cv_env_CPP_value=
ac_cv_env_LDFLAGS_set=
ac_cv_env_LDFLAGS_value=
ac_cv_env_LIBS_set=
ac_cv_env_LIBS_value=
ac_cv_env_build_alias_set=
ac_cv_env_build_alias_value=
ac_cv_env_host_alias_set=
ac_cv_env_host_alias_value=
ac_cv_env_target_alias_set=
ac_cv_env_target_alias_value=
ac_cv_header_dlfcn_h=yes
ac_cv_header_inttypes_h=yes
ac_cv_header_memory_h=yes
ac_cv_header_stdc=yes
ac_cv_header_stdint_h=yes
ac_cv_header_stdlib_h=yes
ac_cv_header_string_h=yes
ac_cv_header_strings_h=yes
ac_cv_header_sys_stat_h=yes
ac_cv_header_sys_types_h=yes
ac_cv_header_unistd_h=yes
ac_cv_host=i686-pc-linux-gnu
ac_cv_objext=o
ac_cv_path_EGREP='/bin/grep -E'
ac_cv_path_FGREP='/bin/grep -F'
ac_cv_path_GREP=/bin/grep
ac_cv_path_SED=/bin/sed
ac_cv_prog_AWK=nawk
ac_cv_prog_CPP='cc -E'
ac_cv_prog_ac_ct_AR=ar
ac_cv_prog_ac_ct_CC=cc
ac_cv_prog_ac_ct_MANIFEST_TOOL=mt
ac_cv_prog_ac_ct_OBJDUMP=objdump
ac_cv_prog_ac_ct_RANLIB=ranlib
ac_cv_prog_ac_ct_STRIP=strip
ac_cv_prog_cc_c89=
ac_cv_prog_cc_cc_c_o=yes
ac_cv_prog_cc_g=yes
ac_cv_target=i686-pc-linux-gnu
lt_cv_ar_at_file=@
lt_cv_archive_cmds_need_lc=no
lt_cv_deplibs_check_method=pass_all
lt_cv_file_magic_cmd='$MAGIC_CMD'
lt_cv_file_magic_test_file=
lt_cv_ld_reload_flag=-r
lt_cv_nm_interface='BSD nm'
lt_cv_objdir=.libs
lt_cv_path_LD=/usr/bin/ld
lt_cv_path_NM='/usr/bin/nm -B'
lt_cv_path_mainfest_tool=no
lt_cv_prog_compiler_c_o=yes
lt_cv_prog_compiler_pic='-fPIC -DPIC'
lt_cv_prog_compiler_pic_works=yes
lt_cv_prog_compiler_rtti_exceptions=no
lt_cv_prog_compiler_static_works=yes
lt_cv_prog_gnu_ld=yes
lt_cv_sharedlib_from_linklib_cmd='printf %s\n'
lt_cv_shlibpath_overrides_runpath=no
lt_cv_sys_global_symbol_pipe='sed -n -e '\''s/^.*[	 ]\([ABCDGIRSTW][ABCDGIRSTW]*\)[	 ][	 ]*\([_A-Za-z][_A-Za-z0-9]*\)$/\1 \2 \2/p'\'' | sed '\''/ __gnu_lto/d'\'''
lt_cv_sys_global_symbol_to_c_name_address='sed -n -e '\''s/^: \([^ ]*\)[ ]*$/  {\"\1\", (void *) 0},/p'\'' -e '\''s/^[ABCDGIRSTW]* \([^ ]*\) \([^ ]*\)$/  {"\2", (void *) \&\2},/p'\'''
lt_cv_sys_global_symbol_to_c_name_address_lib_prefix='sed -n -e '\''s/^: \([^ ]*\)[ ]*$/  {\"\1\", (void *) 0},/p'\'' -e '\''s/^[ABCDGIRSTW]* \([^ ]*\) \(lib[^ ]*\)$/  {"\2", (void *) \&\2},/p'\'' -e '\''s/^[ABCDGIRSTW]* \([^ ]*\) \([^ ]*\)$/  {"lib\2", (void *) \&\2},/p'\'''
lt_cv_sys_global_symbol_to_cdecl='sed -n -e '\''s/^T .* \(.*\)$/extern int \1();/p'\'' -e '\''s/^[ABCDGIRSTW]* .* \(.*\)$/extern char \1;/p'\'''
lt_cv_sys_max_cmd_len=1572864
lt_cv_to_host_file_cmd=func_convert_file_noop
lt_cv_to_tool_file_cmd=func_convert_file_noop
php_cv_cc_dashr=no
php_cv_cc_rpath=yes

## ----------------- ##
## Output variables. ##
## ----------------- ##

AR='ar'
AWK='nawk'
CC='cc'
CFLAGS='-g -O2'
CONFIGURE_COMMAND=' '\''./configure'\'' '
CONFIGURE_OPTIONS=''
CPP='cc -E'
CPPFLAGS=' -DHAVE_CONFIG_H'
DEFS='-DHAVE_CONFIG_H'
DLLTOOL='false'
DSYMUTIL=''
DUMPBIN=''
ECHO_C=''
ECHO_N='-n'
ECHO_T=''
EGREP='/bin/grep -E'
EXEEXT=''
FGREP='/bin/grep -F'
GREP='/bin/grep'
LD='/usr/bin/ld'
LDFLAGS=''
LIBOBJS=''
LIBS=''
LIBTOOL='$(SHELL) $(top_builddir)/libtool'
LIPO=''
LN_S='ln -s'
LTLIBOBJS=''
MANIFEST_TOOL=':'
NM='/usr/bin/nm -B'
NMEDIT=''
OBJDUMP='objdump'
OBJEXT='o'
OTOOL64=''
OTOOL=''
PACKAGE_BUGREPORT=''
PACKAGE_NAME=''
PACKAGE_STRING=''
PACKAGE_TARNAME=''
PACKAGE_URL=''
PACKAGE_VERSION=''
PATH_SEPARATOR=':'
RANLIB='ranlib'
RE2C='exit 0;'
SED='/bin/sed'
SHELL='/bin/bash'
SHLIB_DL_SUFFIX_NAME='so'
SHLIB_SUFFIX_NAME='so'
STRIP='strip'
ac_ct_AR='ar'
ac_ct_CC='cc'
ac_ct_DUMPBIN=''
bindir='${exec_prefix}/bin'
build='i686-pc-linux-gnu'
build_alias=''
build_cpu='i686'
build_os='linux-gnu'
build_vendor='pc'
datadir='${datarootdir}'
datarootdir='${prefix}/share'
docdir='${datarootdir}/doc/${PACKAGE}'
dvidir='${docdir}'
exec_prefix='$(prefix)'
host='i686-pc-linux-gnu'
host_alias='i686-pc-linux-gnu'
host_cpu='i686'
host_os='linux-gnu'
host_vendor='pc'
htmldir='${docdir}'
includedir='${prefix}/include'
infodir='${datarootdir}/info'
libdir='${exec_prefix}/lib'
libexecdir='${exec_prefix}/libexec'
localedir='${datarootdir}/locale'
localstatedir='${prefix}/var'
mandir='${datarootdir}/man'
oldincludedir='/usr/include'
pdfdir='${docdir}'
prefix='/usr'
program_transform_name='s,x,x,'
psdir='${docdir}'
sbindir='${exec_prefix}/sbin'
sharedstatedir='${prefix}/com'
sysconfdir='${prefix}/etc'
target='i686-pc-linux-gnu'
target_alias=''
target_cpu='i686'
target_os='linux-gnu'
target_vendor='pc'

## ----------- ##
## confdefs.h. ##
## ----------- ##

/* confdefs.h */
#define PACKAGE_NAME ""
#define PACKAGE_TARNAME ""
#define PACKAGE_VERSION ""
#define PACKAGE_STRING ""
#define PACKAGE_BUGREPORT ""
#define PACKAGE_URL ""
#define ENABLE_DANISH 1
#define ENABLE_DUTCH 1
#define ENABLE_ENGLISH 1
#define ENABLE_FRENCH 1
#define ENABLE_FINNISH 1
#define ENABLE_GERMAN 1
#define ENABLE_HUNGARIAN 1
#define ENABLE_ITALIAN 1
#define ENABLE_NORWEGIAN 1
#define ENABLE_PORTUGUESE 1
#define ENABLE_ROMANIAN 1
#define ENABLE_RUSSIAN 1
#define ENABLE_RUSSIAN_UNICODE 1
#define ENABLE_SPANISH 1
#define ENABLE_SWEDISH 1
#define ENABLE_TURKISH_UNICODE 1
#define COMPILE_DL_STEM 1
#define STDC_HEADERS 1
#define HAVE_SYS_TYPES_H 1
#define HAVE_SYS_STAT_H 1
#define HAVE_STDLIB_H 1
#define HAVE_STRING_H 1
#define HAVE_MEMORY_H 1
#define HAVE_STRINGS_H 1
#define HAVE_INTTYPES_H 1
#define HAVE_STDINT_H 1
#define HAVE_UNISTD_H 1
#define HAVE_DLFCN_H 1
#define LT_OBJDIR ".libs/"

configure: exit 0
